[2021-08-14 20:28:50,570] {taskinstance.py:896} INFO - Dependencies all met for <TaskInstance: dag_pag_B.get_data 2021-08-13T00:00:00+00:00 [queued]>
[2021-08-14 20:28:50,589] {taskinstance.py:896} INFO - Dependencies all met for <TaskInstance: dag_pag_B.get_data 2021-08-13T00:00:00+00:00 [queued]>
[2021-08-14 20:28:50,593] {taskinstance.py:1087} INFO - 
--------------------------------------------------------------------------------
[2021-08-14 20:28:50,594] {taskinstance.py:1088} INFO - Starting attempt 1 of 1
[2021-08-14 20:28:50,594] {taskinstance.py:1089} INFO - 
--------------------------------------------------------------------------------
[2021-08-14 20:28:50,617] {taskinstance.py:1107} INFO - Executing <Task(PythonOperator): get_data> on 2021-08-13T00:00:00+00:00
[2021-08-14 20:28:50,622] {standard_task_runner.py:52} INFO - Started process 135 to run task
[2021-08-14 20:28:50,629] {standard_task_runner.py:76} INFO - Running: ['***', 'tasks', 'run', 'dag_pag_B', 'get_data', '2021-08-13T00:00:00+00:00', '--job-id', '36', '--pool', 'default_pool', '--raw', '--subdir', 'DAGS_FOLDER/pag1.py', '--cfg-path', '/tmp/tmp3vc21mxk', '--error-file', '/tmp/tmp0w7rzvet']
[2021-08-14 20:28:50,630] {standard_task_runner.py:77} INFO - Job 36: Subtask get_data
[2021-08-14 20:28:50,700] {logging_mixin.py:104} INFO - Running <TaskInstance: dag_pag_B.get_data 2021-08-13T00:00:00+00:00 [running]> on host aa5fbd5b1745
[2021-08-14 20:28:50,781] {taskinstance.py:1302} INFO - Exporting the following env vars:
AIRFLOW_CTX_DAG_OWNER=***
AIRFLOW_CTX_DAG_ID=dag_pag_B
AIRFLOW_CTX_TASK_ID=get_data
AIRFLOW_CTX_EXECUTION_DATE=2021-08-13T00:00:00+00:00
AIRFLOW_CTX_DAG_RUN_ID=scheduled__2021-08-13T00:00:00+00:00
[2021-08-14 20:28:50,783] {pag1.py:13} INFO - GET-DATA STARTED
[2021-08-14 20:28:50,783] {pag1.py:15} INFO - GET-DATA Starting download
[2021-08-14 20:29:01,025] {pag1.py:19} INFO - GET-DATA Finished downloading data in 10.241416454315186
[2021-08-14 20:29:01,026] {pag1.py:21} INFO - GET-DATA Saving data to dictionary
[2021-08-14 20:29:09,110] {pag1.py:24} INFO - GET-DATA Sending data through queue
[2021-08-14 20:29:30,813] {local_task_job.py:149} INFO - Task exited with return code Negsignal.SIGKILL
