[2021-08-14 20:46:24,573] {taskinstance.py:896} INFO - Dependencies all met for <TaskInstance: dag_pag_B.get_data 2021-08-14T20:46:22.639097+00:00 [queued]>
[2021-08-14 20:46:24,595] {taskinstance.py:896} INFO - Dependencies all met for <TaskInstance: dag_pag_B.get_data 2021-08-14T20:46:22.639097+00:00 [queued]>
[2021-08-14 20:46:24,596] {taskinstance.py:1087} INFO - 
--------------------------------------------------------------------------------
[2021-08-14 20:46:24,597] {taskinstance.py:1088} INFO - Starting attempt 1 of 1
[2021-08-14 20:46:24,597] {taskinstance.py:1089} INFO - 
--------------------------------------------------------------------------------
[2021-08-14 20:46:24,611] {taskinstance.py:1107} INFO - Executing <Task(PythonOperator): get_data> on 2021-08-14T20:46:22.639097+00:00
[2021-08-14 20:46:24,618] {standard_task_runner.py:52} INFO - Started process 631 to run task
[2021-08-14 20:46:24,623] {standard_task_runner.py:76} INFO - Running: ['***', 'tasks', 'run', 'dag_pag_B', 'get_data', '2021-08-14T20:46:22.639097+00:00', '--job-id', '43', '--pool', 'default_pool', '--raw', '--subdir', 'DAGS_FOLDER/pag1.py', '--cfg-path', '/tmp/tmp9xdos5zl', '--error-file', '/tmp/tmp9u4h8rd0']
[2021-08-14 20:46:24,624] {standard_task_runner.py:77} INFO - Job 43: Subtask get_data
[2021-08-14 20:46:24,683] {logging_mixin.py:104} INFO - Running <TaskInstance: dag_pag_B.get_data 2021-08-14T20:46:22.639097+00:00 [running]> on host aa5fbd5b1745
[2021-08-14 20:46:24,753] {taskinstance.py:1302} INFO - Exporting the following env vars:
AIRFLOW_CTX_DAG_OWNER=***
AIRFLOW_CTX_DAG_ID=dag_pag_B
AIRFLOW_CTX_TASK_ID=get_data
AIRFLOW_CTX_EXECUTION_DATE=2021-08-14T20:46:22.639097+00:00
AIRFLOW_CTX_DAG_RUN_ID=manual__2021-08-14T20:46:22.639097+00:00
[2021-08-14 20:46:24,754] {pag1.py:13} INFO - GET-DATA STARTED
[2021-08-14 20:46:24,754] {pag1.py:15} INFO - GET-DATA Starting download
[2021-08-14 20:46:31,157] {pag1.py:19} INFO - GET-DATA Finished downloading data in 6.402267694473267
[2021-08-14 20:46:31,158] {pag1.py:21} INFO - GET-DATA Saving data to dictionary
[2021-08-14 20:46:33,521] {pag1.py:24} INFO - GET-DATA Sending data through queue
[2021-08-14 20:46:41,397] {local_task_job.py:149} INFO - Task exited with return code Negsignal.SIGKILL
