[2021-08-14 20:56:00,355] {taskinstance.py:896} INFO - Dependencies all met for <TaskInstance: dag_pag_B.get_data 2021-08-14T20:55:58.405292+00:00 [queued]>
[2021-08-14 20:56:00,381] {taskinstance.py:896} INFO - Dependencies all met for <TaskInstance: dag_pag_B.get_data 2021-08-14T20:55:58.405292+00:00 [queued]>
[2021-08-14 20:56:00,381] {taskinstance.py:1087} INFO - 
--------------------------------------------------------------------------------
[2021-08-14 20:56:00,382] {taskinstance.py:1088} INFO - Starting attempt 1 of 1
[2021-08-14 20:56:00,382] {taskinstance.py:1089} INFO - 
--------------------------------------------------------------------------------
[2021-08-14 20:56:00,398] {taskinstance.py:1107} INFO - Executing <Task(PythonOperator): get_data> on 2021-08-14T20:55:58.405292+00:00
[2021-08-14 20:56:00,404] {standard_task_runner.py:52} INFO - Started process 113 to run task
[2021-08-14 20:56:00,413] {standard_task_runner.py:76} INFO - Running: ['***', 'tasks', 'run', 'dag_pag_B', 'get_data', '2021-08-14T20:55:58.405292+00:00', '--job-id', '47', '--pool', 'default_pool', '--raw', '--subdir', 'DAGS_FOLDER/pag1.py', '--cfg-path', '/tmp/tmpul_qkkdr', '--error-file', '/tmp/tmp8_0_bxgs']
[2021-08-14 20:56:00,414] {standard_task_runner.py:77} INFO - Job 47: Subtask get_data
[2021-08-14 20:56:00,487] {logging_mixin.py:104} INFO - Running <TaskInstance: dag_pag_B.get_data 2021-08-14T20:55:58.405292+00:00 [running]> on host aa5fbd5b1745
[2021-08-14 20:56:00,576] {taskinstance.py:1302} INFO - Exporting the following env vars:
AIRFLOW_CTX_DAG_OWNER=***
AIRFLOW_CTX_DAG_ID=dag_pag_B
AIRFLOW_CTX_TASK_ID=get_data
AIRFLOW_CTX_EXECUTION_DATE=2021-08-14T20:55:58.405292+00:00
AIRFLOW_CTX_DAG_RUN_ID=manual__2021-08-14T20:55:58.405292+00:00
[2021-08-14 20:56:00,578] {pag1.py:13} INFO - GET-DATA STARTED
[2021-08-14 20:56:00,579] {pag1.py:15} INFO - GET-DATA Starting download
[2021-08-14 20:56:07,232] {pag1.py:19} INFO - GET-DATA Finished downloading data in 6.6528356075286865
[2021-08-14 20:56:07,233] {pag1.py:21} INFO - GET-DATA Saving data to dictionary
[2021-08-14 20:56:09,380] {pag1.py:24} INFO - GET-DATA Sending data through queue
[2021-08-14 20:56:16,588] {local_task_job.py:149} INFO - Task exited with return code Negsignal.SIGKILL
