[2021-08-14 21:07:07,194] {taskinstance.py:896} INFO - Dependencies all met for <TaskInstance: dag_pag_B.process_data 2021-08-14T21:06:43.304003+00:00 [queued]>
[2021-08-14 21:07:07,207] {taskinstance.py:896} INFO - Dependencies all met for <TaskInstance: dag_pag_B.process_data 2021-08-14T21:06:43.304003+00:00 [queued]>
[2021-08-14 21:07:07,208] {taskinstance.py:1087} INFO - 
--------------------------------------------------------------------------------
[2021-08-14 21:07:07,209] {taskinstance.py:1088} INFO - Starting attempt 1 of 1
[2021-08-14 21:07:07,209] {taskinstance.py:1089} INFO - 
--------------------------------------------------------------------------------
[2021-08-14 21:07:07,225] {taskinstance.py:1107} INFO - Executing <Task(PythonOperator): process_data> on 2021-08-14T21:06:43.304003+00:00
[2021-08-14 21:07:07,230] {standard_task_runner.py:52} INFO - Started process 336 to run task
[2021-08-14 21:07:07,234] {standard_task_runner.py:76} INFO - Running: ['***', 'tasks', 'run', 'dag_pag_B', 'process_data', '2021-08-14T21:06:43.304003+00:00', '--job-id', '53', '--pool', 'default_pool', '--raw', '--subdir', 'DAGS_FOLDER/pag1.py', '--cfg-path', '/tmp/tmprfyk2tj8', '--error-file', '/tmp/tmpvbz4r8sh']
[2021-08-14 21:07:07,235] {standard_task_runner.py:77} INFO - Job 53: Subtask process_data
[2021-08-14 21:07:07,292] {logging_mixin.py:104} INFO - Running <TaskInstance: dag_pag_B.process_data 2021-08-14T21:06:43.304003+00:00 [running]> on host aa5fbd5b1745
[2021-08-14 21:07:07,388] {taskinstance.py:1302} INFO - Exporting the following env vars:
AIRFLOW_CTX_DAG_OWNER=***
AIRFLOW_CTX_DAG_ID=dag_pag_B
AIRFLOW_CTX_TASK_ID=process_data
AIRFLOW_CTX_EXECUTION_DATE=2021-08-14T21:06:43.304003+00:00
AIRFLOW_CTX_DAG_RUN_ID=manual__2021-08-14T21:06:43.304003+00:00
[2021-08-14 21:07:07,389] {pag1.py:31} INFO - PROCESS-DATA STARTED
[2021-08-14 21:07:07,390] {pag1.py:33} INFO - PROCESS-DATA Getting raw data from queue
[2021-08-14 21:07:13,889] {pag1.py:36} INFO - <class 'dict'>
[2021-08-14 21:07:13,889] {pag1.py:38} INFO - PROCESS-DATA Transforming raw data to dataframe
[2021-08-14 21:07:17,367] {pag1.py:41} INFO - PROCESS-DATA Removing unwanted values from "gender" column
[2021-08-14 21:07:18,334] {pag1.py:58} INFO - PROCESS-DATA Removing unwanted values from "age" column
[2021-08-14 21:07:19,213] {pag1.py:74} INFO - PROCESS-DATA Generating new column "month"
[2021-08-14 21:07:19,277] {pag1.py:86} INFO - PROCESS-DATA Generating new column "year"
[2021-08-14 21:07:19,278] {pag1.py:90} INFO - PROCESS-DATA Replacing zero values with None
[2021-08-14 21:07:19,398] {logging_mixin.py:104} WARNING - /opt/***/dags/pag1.py:91 SettingWithCopyWarning: 
A value is trying to be set on a copy of a slice from a DataFrame

See the caveats in the documentation: https://pandas.pydata.org/pandas-docs/stable/user_guide/indexing.html#returning-a-view-versus-a-copy
[2021-08-14 21:07:19,409] {pag1.py:93} INFO - PROCESS-DATA Ensuring column types
[2021-08-14 21:07:19,513] {pag1.py:98} INFO - PROCESS-DATA Saving data to dictionary
[2021-08-14 21:07:22,461] {pag1.py:101} INFO - PROCESS-DATA Sending formatted data through queue
[2021-08-14 21:07:39,630] {pag1.py:104} INFO - PROCESS-DATA FINISHED
[2021-08-14 21:07:39,896] {python.py:151} INFO - Done. Returned value was: None
[2021-08-14 21:07:40,228] {taskinstance.py:1211} INFO - Marking task as SUCCESS. dag_id=dag_pag_B, task_id=process_data, execution_date=20210814T210643, start_date=20210814T210707, end_date=20210814T210740
[2021-08-14 21:07:41,304] {taskinstance.py:1265} INFO - 1 downstream tasks scheduled from follow-on schedule check
[2021-08-14 21:07:41,322] {local_task_job.py:149} INFO - Task exited with return code 0
