[2021-08-14 20:51:43,074] {taskinstance.py:896} INFO - Dependencies all met for <TaskInstance: dag_pag_B.get_data 2021-08-14T20:51:40.222188+00:00 [queued]>
[2021-08-14 20:51:43,090] {taskinstance.py:896} INFO - Dependencies all met for <TaskInstance: dag_pag_B.get_data 2021-08-14T20:51:40.222188+00:00 [queued]>
[2021-08-14 20:51:43,091] {taskinstance.py:1087} INFO - 
--------------------------------------------------------------------------------
[2021-08-14 20:51:43,091] {taskinstance.py:1088} INFO - Starting attempt 1 of 1
[2021-08-14 20:51:43,092] {taskinstance.py:1089} INFO - 
--------------------------------------------------------------------------------
[2021-08-14 20:51:43,110] {taskinstance.py:1107} INFO - Executing <Task(PythonOperator): get_data> on 2021-08-14T20:51:40.222188+00:00
[2021-08-14 20:51:43,116] {standard_task_runner.py:52} INFO - Started process 91 to run task
[2021-08-14 20:51:43,121] {standard_task_runner.py:76} INFO - Running: ['***', 'tasks', 'run', 'dag_pag_B', 'get_data', '2021-08-14T20:51:40.222188+00:00', '--job-id', '45', '--pool', 'default_pool', '--raw', '--subdir', 'DAGS_FOLDER/pag1.py', '--cfg-path', '/tmp/tmpzwgmaa4_', '--error-file', '/tmp/tmptozcwyoh']
[2021-08-14 20:51:43,122] {standard_task_runner.py:77} INFO - Job 45: Subtask get_data
[2021-08-14 20:51:43,194] {logging_mixin.py:104} INFO - Running <TaskInstance: dag_pag_B.get_data 2021-08-14T20:51:40.222188+00:00 [running]> on host aa5fbd5b1745
[2021-08-14 20:51:43,279] {taskinstance.py:1302} INFO - Exporting the following env vars:
AIRFLOW_CTX_DAG_OWNER=***
AIRFLOW_CTX_DAG_ID=dag_pag_B
AIRFLOW_CTX_TASK_ID=get_data
AIRFLOW_CTX_EXECUTION_DATE=2021-08-14T20:51:40.222188+00:00
AIRFLOW_CTX_DAG_RUN_ID=manual__2021-08-14T20:51:40.222188+00:00
[2021-08-14 20:51:43,281] {pag1.py:13} INFO - GET-DATA STARTED
[2021-08-14 20:51:43,282] {pag1.py:15} INFO - GET-DATA Starting download
[2021-08-14 20:51:49,519] {pag1.py:19} INFO - GET-DATA Finished downloading data in 6.2369608879089355
[2021-08-14 20:51:49,520] {pag1.py:21} INFO - GET-DATA Saving data to dictionary
[2021-08-14 20:51:51,848] {pag1.py:24} INFO - GET-DATA Sending data through queue
[2021-08-14 20:52:03,334] {local_task_job.py:149} INFO - Task exited with return code Negsignal.SIGKILL
