[2021-08-14 20:29:01,366] {taskinstance.py:896} INFO - Dependencies all met for <TaskInstance: dag_pag_B.get_data 2021-08-14T20:28:54.390893+00:00 [queued]>
[2021-08-14 20:29:01,446] {taskinstance.py:896} INFO - Dependencies all met for <TaskInstance: dag_pag_B.get_data 2021-08-14T20:28:54.390893+00:00 [queued]>
[2021-08-14 20:29:01,446] {taskinstance.py:1087} INFO - 
--------------------------------------------------------------------------------
[2021-08-14 20:29:01,447] {taskinstance.py:1088} INFO - Starting attempt 1 of 1
[2021-08-14 20:29:01,448] {taskinstance.py:1089} INFO - 
--------------------------------------------------------------------------------
[2021-08-14 20:29:01,494] {taskinstance.py:1107} INFO - Executing <Task(PythonOperator): get_data> on 2021-08-14T20:28:54.390893+00:00
[2021-08-14 20:29:01,502] {standard_task_runner.py:52} INFO - Started process 148 to run task
[2021-08-14 20:29:01,518] {standard_task_runner.py:76} INFO - Running: ['***', 'tasks', 'run', 'dag_pag_B', 'get_data', '2021-08-14T20:28:54.390893+00:00', '--job-id', '37', '--pool', 'default_pool', '--raw', '--subdir', 'DAGS_FOLDER/pag1.py', '--cfg-path', '/tmp/tmp3wapfuy_', '--error-file', '/tmp/tmp8tm5xv3u']
[2021-08-14 20:29:01,520] {standard_task_runner.py:77} INFO - Job 37: Subtask get_data
[2021-08-14 20:29:01,679] {logging_mixin.py:104} INFO - Running <TaskInstance: dag_pag_B.get_data 2021-08-14T20:28:54.390893+00:00 [running]> on host aa5fbd5b1745
[2021-08-14 20:29:01,829] {taskinstance.py:1302} INFO - Exporting the following env vars:
AIRFLOW_CTX_DAG_OWNER=***
AIRFLOW_CTX_DAG_ID=dag_pag_B
AIRFLOW_CTX_TASK_ID=get_data
AIRFLOW_CTX_EXECUTION_DATE=2021-08-14T20:28:54.390893+00:00
AIRFLOW_CTX_DAG_RUN_ID=manual__2021-08-14T20:28:54.390893+00:00
[2021-08-14 20:29:01,833] {pag1.py:13} INFO - GET-DATA STARTED
[2021-08-14 20:29:01,834] {pag1.py:15} INFO - GET-DATA Starting download
[2021-08-14 20:29:30,784] {pag1.py:19} INFO - GET-DATA Finished downloading data in 28.947775840759277
[2021-08-14 20:29:30,785] {pag1.py:21} INFO - GET-DATA Saving data to dictionary
[2021-08-14 20:29:34,979] {pag1.py:24} INFO - GET-DATA Sending data through queue
[2021-08-14 20:29:51,942] {local_task_job.py:149} INFO - Task exited with return code Negsignal.SIGKILL
