[2021-08-14 21:06:44,724] {taskinstance.py:896} INFO - Dependencies all met for <TaskInstance: dag_pag_B.get_data 2021-08-14T21:06:43.304003+00:00 [queued]>
[2021-08-14 21:06:44,743] {taskinstance.py:896} INFO - Dependencies all met for <TaskInstance: dag_pag_B.get_data 2021-08-14T21:06:43.304003+00:00 [queued]>
[2021-08-14 21:06:44,747] {taskinstance.py:1087} INFO - 
--------------------------------------------------------------------------------
[2021-08-14 21:06:44,753] {taskinstance.py:1088} INFO - Starting attempt 1 of 1
[2021-08-14 21:06:44,754] {taskinstance.py:1089} INFO - 
--------------------------------------------------------------------------------
[2021-08-14 21:06:44,801] {taskinstance.py:1107} INFO - Executing <Task(PythonOperator): get_data> on 2021-08-14T21:06:43.304003+00:00
[2021-08-14 21:06:44,809] {standard_task_runner.py:52} INFO - Started process 311 to run task
[2021-08-14 21:06:44,825] {standard_task_runner.py:76} INFO - Running: ['***', 'tasks', 'run', 'dag_pag_B', 'get_data', '2021-08-14T21:06:43.304003+00:00', '--job-id', '52', '--pool', 'default_pool', '--raw', '--subdir', 'DAGS_FOLDER/pag1.py', '--cfg-path', '/tmp/tmpd5offjk5', '--error-file', '/tmp/tmp5h7auxri']
[2021-08-14 21:06:44,827] {standard_task_runner.py:77} INFO - Job 52: Subtask get_data
[2021-08-14 21:06:44,909] {logging_mixin.py:104} INFO - Running <TaskInstance: dag_pag_B.get_data 2021-08-14T21:06:43.304003+00:00 [running]> on host aa5fbd5b1745
[2021-08-14 21:06:45,006] {taskinstance.py:1302} INFO - Exporting the following env vars:
AIRFLOW_CTX_DAG_OWNER=***
AIRFLOW_CTX_DAG_ID=dag_pag_B
AIRFLOW_CTX_TASK_ID=get_data
AIRFLOW_CTX_EXECUTION_DATE=2021-08-14T21:06:43.304003+00:00
AIRFLOW_CTX_DAG_RUN_ID=manual__2021-08-14T21:06:43.304003+00:00
[2021-08-14 21:06:45,008] {pag1.py:13} INFO - GET-DATA STARTED
[2021-08-14 21:06:45,009] {pag1.py:15} INFO - GET-DATA Starting download
[2021-08-14 21:06:50,564] {pag1.py:19} INFO - GET-DATA Finished downloading data in 5.555014133453369
[2021-08-14 21:06:50,565] {pag1.py:21} INFO - GET-DATA Saving data to dictionary
[2021-08-14 21:06:52,297] {pag1.py:24} INFO - GET-DATA Sending data through queue
[2021-08-14 21:07:05,342] {pag1.py:27} INFO - GET-DATA FINISHED
[2021-08-14 21:07:05,463] {python.py:151} INFO - Done. Returned value was: None
[2021-08-14 21:07:05,478] {taskinstance.py:1211} INFO - Marking task as SUCCESS. dag_id=dag_pag_B, task_id=get_data, execution_date=20210814T210643, start_date=20210814T210644, end_date=20210814T210705
[2021-08-14 21:07:05,511] {taskinstance.py:1265} INFO - 1 downstream tasks scheduled from follow-on schedule check
[2021-08-14 21:07:05,528] {local_task_job.py:149} INFO - Task exited with return code 0
