[2021-08-14 21:03:55,823] {taskinstance.py:896} INFO - Dependencies all met for <TaskInstance: dag_pag_B.get_data 2021-08-14T21:03:53.746775+00:00 [queued]>
[2021-08-14 21:03:55,837] {taskinstance.py:896} INFO - Dependencies all met for <TaskInstance: dag_pag_B.get_data 2021-08-14T21:03:53.746775+00:00 [queued]>
[2021-08-14 21:03:55,838] {taskinstance.py:1087} INFO - 
--------------------------------------------------------------------------------
[2021-08-14 21:03:55,838] {taskinstance.py:1088} INFO - Starting attempt 1 of 1
[2021-08-14 21:03:55,839] {taskinstance.py:1089} INFO - 
--------------------------------------------------------------------------------
[2021-08-14 21:03:55,855] {taskinstance.py:1107} INFO - Executing <Task(PythonOperator): get_data> on 2021-08-14T21:03:53.746775+00:00
[2021-08-14 21:03:55,859] {standard_task_runner.py:52} INFO - Started process 112 to run task
[2021-08-14 21:03:55,865] {standard_task_runner.py:76} INFO - Running: ['***', 'tasks', 'run', 'dag_pag_B', 'get_data', '2021-08-14T21:03:53.746775+00:00', '--job-id', '49', '--pool', 'default_pool', '--raw', '--subdir', 'DAGS_FOLDER/pag1.py', '--cfg-path', '/tmp/tmpnblz44zn', '--error-file', '/tmp/tmpbhkddkiu']
[2021-08-14 21:03:55,866] {standard_task_runner.py:77} INFO - Job 49: Subtask get_data
[2021-08-14 21:03:55,933] {logging_mixin.py:104} INFO - Running <TaskInstance: dag_pag_B.get_data 2021-08-14T21:03:53.746775+00:00 [running]> on host aa5fbd5b1745
[2021-08-14 21:03:55,988] {taskinstance.py:1302} INFO - Exporting the following env vars:
AIRFLOW_CTX_DAG_OWNER=***
AIRFLOW_CTX_DAG_ID=dag_pag_B
AIRFLOW_CTX_TASK_ID=get_data
AIRFLOW_CTX_EXECUTION_DATE=2021-08-14T21:03:53.746775+00:00
AIRFLOW_CTX_DAG_RUN_ID=manual__2021-08-14T21:03:53.746775+00:00
[2021-08-14 21:03:55,989] {pag1.py:13} INFO - GET-DATA STARTED
[2021-08-14 21:03:55,990] {pag1.py:15} INFO - GET-DATA Starting download
[2021-08-14 21:04:01,663] {pag1.py:19} INFO - GET-DATA Finished downloading data in 5.67319655418396
[2021-08-14 21:04:01,666] {pag1.py:21} INFO - GET-DATA Saving data to dictionary
[2021-08-14 21:04:04,294] {pag1.py:24} INFO - GET-DATA Sending data through queue
[2021-08-14 21:04:16,937] {pag1.py:27} INFO - GET-DATA FINISHED
[2021-08-14 21:04:17,051] {python.py:151} INFO - Done. Returned value was: None
[2021-08-14 21:04:17,061] {taskinstance.py:1211} INFO - Marking task as SUCCESS. dag_id=dag_pag_B, task_id=get_data, execution_date=20210814T210353, start_date=20210814T210355, end_date=20210814T210417
[2021-08-14 21:04:17,093] {taskinstance.py:1265} INFO - 1 downstream tasks scheduled from follow-on schedule check
[2021-08-14 21:04:17,110] {local_task_job.py:149} INFO - Task exited with return code 0
